2023-07-07T10:06:35.122+05:30  INFO 3184 --- [main] com.cms.CourseServiceApplication         : Starting CourseServiceApplication using Java 17.0.6 with PID 3184 (G:\Course-Management-System_945\CourseService\target\classes started by santo in G:\Course-Management-System_945)
2023-07-07T10:06:35.235+05:30  INFO 3184 --- [main] com.cms.CourseServiceApplication         : No active profile set, falling back to 1 default profile: "default"
2023-07-07T10:06:40.325+05:30  INFO 3184 --- [main] .s.d.r.c.RepositoryConfigurationDelegate : Bootstrapping Spring Data MongoDB repositories in DEFAULT mode.
2023-07-07T10:06:41.038+05:30  INFO 3184 --- [main] .s.d.r.c.RepositoryConfigurationDelegate : Finished Spring Data repository scanning in 701 ms. Found 1 MongoDB repository interfaces.
2023-07-07T10:06:44.238+05:30  INFO 3184 --- [main] o.s.cloud.context.scope.GenericScope     : BeanFactory id=baf4f57d-67f0-342b-b59f-1d609cf3e83d
2023-07-07T10:06:44.393+05:30  INFO 3184 --- [main] trationDelegate$BeanPostProcessorChecker : Bean 'com.cms.proxy.AdmissionProxy' of type [org.springframework.cloud.openfeign.FeignClientFactoryBean] is not eligible for getting processed by all BeanPostProcessors (for example: not eligible for auto-proxying)
2023-07-07T10:06:44.413+05:30  INFO 3184 --- [main] trationDelegate$BeanPostProcessorChecker : Bean 'com.cms.proxy.AuthenticationAuthorizationProxy' of type [org.springframework.cloud.openfeign.FeignClientFactoryBean] is not eligible for getting processed by all BeanPostProcessors (for example: not eligible for auto-proxying)
2023-07-07T10:06:45.194+05:30  INFO 3184 --- [main] trationDelegate$BeanPostProcessorChecker : Bean 'org.springframework.cloud.client.loadbalancer.reactive.LoadBalancerBeanPostProcessorAutoConfiguration' of type [org.springframework.cloud.client.loadbalancer.reactive.LoadBalancerBeanPostProcessorAutoConfiguration] is not eligible for getting processed by all BeanPostProcessors (for example: not eligible for auto-proxying)
2023-07-07T10:06:45.227+05:30  INFO 3184 --- [main] trationDelegate$BeanPostProcessorChecker : Bean 'org.springframework.cloud.client.loadbalancer.reactive.LoadBalancerBeanPostProcessorAutoConfiguration$ReactorDeferringLoadBalancerFilterConfig' of type [org.springframework.cloud.client.loadbalancer.reactive.LoadBalancerBeanPostProcessorAutoConfiguration$ReactorDeferringLoadBalancerFilterConfig] is not eligible for getting processed by all BeanPostProcessors (for example: not eligible for auto-proxying)
2023-07-07T10:06:45.251+05:30  INFO 3184 --- [main] trationDelegate$BeanPostProcessorChecker : Bean 'reactorDeferringLoadBalancerExchangeFilterFunction' of type [org.springframework.cloud.client.loadbalancer.reactive.DeferringLoadBalancerExchangeFilterFunction] is not eligible for getting processed by all BeanPostProcessors (for example: not eligible for auto-proxying)
2023-07-07T10:06:47.701+05:30  INFO 3184 --- [main] o.s.b.w.embedded.tomcat.TomcatWebServer  : Tomcat initialized with port(s): 9091 (http)
2023-07-07T10:06:47.744+05:30  INFO 3184 --- [main] o.apache.catalina.core.StandardService   : Starting service [Tomcat]
2023-07-07T10:06:47.746+05:30  INFO 3184 --- [main] o.apache.catalina.core.StandardEngine    : Starting Servlet engine: [Apache Tomcat/10.1.8]
2023-07-07T10:06:48.184+05:30  INFO 3184 --- [main] o.a.c.c.C.[Tomcat].[localhost].[/]       : Initializing Spring embedded WebApplicationContext
2023-07-07T10:06:48.208+05:30  INFO 3184 --- [main] w.s.c.ServletWebServerApplicationContext : Root WebApplicationContext: initialization completed in 11961 ms
2023-07-07T10:06:49.655+05:30  INFO 3184 --- [main] org.mongodb.driver.client                : MongoClient with metadata {"driver": {"name": "mongo-java-driver|sync|spring-boot", "version": "4.8.2"}, "os": {"type": "Windows", "name": "Windows 10", "architecture": "amd64", "version": "10.0"}, "platform": "Java/Eclipse Adoptium/17.0.6+10"} created with settings MongoClientSettings{readPreference=primary, writeConcern=WriteConcern{w=null, wTimeout=null ms, journal=null}, retryWrites=true, retryReads=true, readConcern=ReadConcern{level=null}, credential=null, streamFactoryFactory=null, commandListeners=[], codecRegistry=ProvidersCodecRegistry{codecProviders=[ValueCodecProvider{}, BsonValueCodecProvider{}, DBRefCodecProvider{}, DBObjectCodecProvider{}, DocumentCodecProvider{}, CollectionCodecProvider{}, IterableCodecProvider{}, MapCodecProvider{}, GeoJsonCodecProvider{}, GridFSFileCodecProvider{}, Jsr310CodecProvider{}, JsonObjectCodecProvider{}, BsonCodecProvider{}, EnumCodecProvider{}, com.mongodb.Jep395RecordCodecProvider@a5e8260]}, clusterSettings={hosts=[localhost:27017], srvServiceName=mongodb, mode=SINGLE, requiredClusterType=UNKNOWN, requiredReplicaSetName='null', serverSelector='null', clusterListeners='[]', serverSelectionTimeout='30000 ms', localThreshold='30000 ms'}, socketSettings=SocketSettings{connectTimeoutMS=10000, readTimeoutMS=0, receiveBufferSize=0, sendBufferSize=0}, heartbeatSocketSettings=SocketSettings{connectTimeoutMS=10000, readTimeoutMS=10000, receiveBufferSize=0, sendBufferSize=0}, connectionPoolSettings=ConnectionPoolSettings{maxSize=100, minSize=0, maxWaitTimeMS=120000, maxConnectionLifeTimeMS=0, maxConnectionIdleTimeMS=0, maintenanceInitialDelayMS=0, maintenanceFrequencyMS=60000, connectionPoolListeners=[], maxConnecting=2}, serverSettings=ServerSettings{heartbeatFrequencyMS=10000, minHeartbeatFrequencyMS=500, serverListeners='[]', serverMonitorListeners='[]'}, sslSettings=SslSettings{enabled=false, invalidHostNameAllowed=false, context=null}, applicationName='null', compressorList=[], uuidRepresentation=JAVA_LEGACY, serverApi=null, autoEncryptionSettings=null, contextProvider=null}
2023-07-07T10:06:49.696+05:30  INFO 3184 --- [cluster-ClusterId{value='64a796611acb1d10dc4f5f36', description='null'}-localhost:27017] org.mongodb.driver.cluster               : Monitor thread successfully connected to server with description ServerDescription{address=localhost:27017, type=STANDALONE, state=CONNECTED, ok=true, minWireVersion=0, maxWireVersion=17, maxDocumentSize=16777216, logicalSessionTimeoutMinutes=30, roundTripTimeNanos=44949900}
2023-07-07T10:06:56.951+05:30  INFO 3184 --- [main] DiscoveryClientOptionalArgsConfiguration : Eureka HTTP Client uses RestTemplate.
2023-07-07T10:06:58.018+05:30  WARN 3184 --- [main] iguration$LoadBalancerCaffeineWarnLogger : Spring Cloud LoadBalancer is currently working with the default cache. While this cache implementation is useful for development and tests, it's recommended to use Caffeine cache in production.You can switch to using Caffeine cache, by adding it and org.springframework.cache.caffeine.CaffeineCacheManager to the classpath.
2023-07-07T10:06:58.224+05:30  INFO 3184 --- [main] o.s.c.n.eureka.InstanceInfoFactory       : Setting initial instance status as: STARTING
2023-07-07T10:06:58.547+05:30  INFO 3184 --- [main] com.netflix.discovery.DiscoveryClient    : Initializing Eureka in region us-east-1
2023-07-07T10:06:58.577+05:30  INFO 3184 --- [main] c.n.d.s.r.aws.ConfigClusterResolver      : Resolving eureka endpoints via configuration
2023-07-07T10:06:58.710+05:30  INFO 3184 --- [main] com.netflix.discovery.DiscoveryClient    : Disable delta property : false
2023-07-07T10:06:58.719+05:30  INFO 3184 --- [main] com.netflix.discovery.DiscoveryClient    : Single vip registry refresh property : null
2023-07-07T10:06:58.726+05:30  INFO 3184 --- [main] com.netflix.discovery.DiscoveryClient    : Force full registry fetch : false
2023-07-07T10:06:58.730+05:30  INFO 3184 --- [main] com.netflix.discovery.DiscoveryClient    : Application is null : false
2023-07-07T10:06:58.732+05:30  INFO 3184 --- [main] com.netflix.discovery.DiscoveryClient    : Registered Applications size is zero : true
2023-07-07T10:06:58.735+05:30  INFO 3184 --- [main] com.netflix.discovery.DiscoveryClient    : Application version is -1: true
2023-07-07T10:06:58.762+05:30  INFO 3184 --- [main] com.netflix.discovery.DiscoveryClient    : Getting all instance registry info from the eureka server
2023-07-07T10:06:59.724+05:30  INFO 3184 --- [main] com.netflix.discovery.DiscoveryClient    : The response status is 200
2023-07-07T10:06:59.847+05:30  INFO 3184 --- [main] com.netflix.discovery.DiscoveryClient    : Starting heartbeat executor: renew interval is: 30
2023-07-07T10:06:59.881+05:30  INFO 3184 --- [main] c.n.discovery.InstanceInfoReplicator     : InstanceInfoReplicator onDemand update allowed rate per min is 4
2023-07-07T10:06:59.901+05:30  INFO 3184 --- [main] com.netflix.discovery.DiscoveryClient    : Discovery Client initialized at timestamp 1688704619895 with initial instances count: 1
2023-07-07T10:06:59.974+05:30  INFO 3184 --- [main] o.s.c.n.e.s.EurekaServiceRegistry        : Registering application COURSESERVICE with eureka with status UP
2023-07-07T10:06:59.980+05:30  INFO 3184 --- [main] com.netflix.discovery.DiscoveryClient    : Saw local status change event StatusChangeEvent [timestamp=1688704619980, current=UP, previous=STARTING]
2023-07-07T10:07:00.040+05:30  INFO 3184 --- [DiscoveryClient-InstanceInfoReplicator-0] com.netflix.discovery.DiscoveryClient    : DiscoveryClient_COURSESERVICE/LAPTOP-29KK0LJS:courseservice:9091: registering service...
2023-07-07T10:07:00.352+05:30  INFO 3184 --- [DiscoveryClient-InstanceInfoReplicator-0] com.netflix.discovery.DiscoveryClient    : DiscoveryClient_COURSESERVICE/LAPTOP-29KK0LJS:courseservice:9091 - registration status: 204
2023-07-07T10:07:00.335+05:30  INFO 3184 --- [main] o.s.b.w.embedded.tomcat.TomcatWebServer  : Tomcat started on port(s): 9091 (http) with context path ''
2023-07-07T10:07:00.442+05:30  INFO 3184 --- [main] .s.c.n.e.s.EurekaAutoServiceRegistration : Updating port to 9091
2023-07-07T10:07:01.557+05:30  INFO 3184 --- [main] com.cms.CourseServiceApplication         : Started CourseServiceApplication in 29.019 seconds (process running for 31.602)
2023-07-07T10:09:50.048+05:30  INFO 3184 --- [http-nio-9091-exec-1] o.a.c.c.C.[Tomcat].[localhost].[/]       : Initializing Spring DispatcherServlet 'dispatcherServlet'
2023-07-07T10:09:50.066+05:30  INFO 3184 --- [http-nio-9091-exec-1] o.s.web.servlet.DispatcherServlet        : Initializing Servlet 'dispatcherServlet'
2023-07-07T10:09:50.071+05:30  INFO 3184 --- [http-nio-9091-exec-1] o.s.web.servlet.DispatcherServlet        : Completed initialization in 3 ms
2023-07-07T10:11:58.781+05:30  INFO 3184 --- [AsyncResolver-bootstrap-executor-0] c.n.d.s.r.aws.ConfigClusterResolver      : Resolving eureka endpoints via configuration
2023-07-07T10:12:29.771+05:30  INFO 3184 --- [http-nio-9091-exec-5] com.cms.aspect.LoggingAspect             : The method addCourse has completed successfully.
2023-07-07T10:14:26.536+05:30  INFO 3184 --- [http-nio-9091-exec-1] com.cms.aspect.LoggingAspect             : The method viewByCourseId has completed successfully.
2023-07-07T10:14:31.555+05:30 ERROR 3184 --- [http-nio-9091-exec-2] com.cms.aspect.LoggingAspect             : Course Id does not exist
2023-07-07T10:14:36.889+05:30  INFO 3184 --- [http-nio-9091-exec-3] com.cms.aspect.LoggingAspect             : The method viewByCourseId has completed successfully.
2023-07-07T10:14:41.455+05:30  INFO 3184 --- [http-nio-9091-exec-4] com.cms.aspect.LoggingAspect             : The method viewByCourseId has completed successfully.
2023-07-07T10:15:30.332+05:30  WARN 3184 --- [http-nio-9091-exec-5] .w.s.m.s.DefaultHandlerExceptionResolver : Resolved [org.springframework.web.HttpRequestMethodNotSupportedException: Request method 'GET' is not supported]
2023-07-07T10:15:38.517+05:30  INFO 3184 --- [http-nio-9091-exec-6] com.cms.aspect.LoggingAspect             : The method updateCourse has completed successfully.
2023-07-07T10:15:45.549+05:30  INFO 3184 --- [http-nio-9091-exec-7] com.cms.aspect.LoggingAspect             : The method updateCourse has completed successfully.
2023-07-07T10:15:53.530+05:30 ERROR 3184 --- [http-nio-9091-exec-8] com.cms.aspect.LoggingAspect             : CourseId does not exists
2023-07-07T10:15:56.923+05:30 ERROR 3184 --- [http-nio-9091-exec-9] com.cms.aspect.LoggingAspect             : CourseId does not exists
2023-07-07T10:16:19.469+05:30  INFO 3184 --- [SpringApplicationShutdownHook] o.s.c.n.e.s.EurekaServiceRegistry        : Unregistering application COURSESERVICE with eureka with status DOWN
2023-07-07T10:16:19.473+05:30  INFO 3184 --- [SpringApplicationShutdownHook] com.netflix.discovery.DiscoveryClient    : Saw local status change event StatusChangeEvent [timestamp=1688705179473, current=DOWN, previous=UP]
2023-07-07T10:16:19.475+05:30  INFO 3184 --- [DiscoveryClient-InstanceInfoReplicator-0] com.netflix.discovery.DiscoveryClient    : DiscoveryClient_COURSESERVICE/LAPTOP-29KK0LJS:courseservice:9091: registering service...
2023-07-07T10:16:19.521+05:30  INFO 3184 --- [DiscoveryClient-InstanceInfoReplicator-0] com.netflix.discovery.DiscoveryClient    : DiscoveryClient_COURSESERVICE/LAPTOP-29KK0LJS:courseservice:9091 - registration status: 204
2023-07-07T10:16:19.676+05:30  INFO 3184 --- [SpringApplicationShutdownHook] com.netflix.discovery.DiscoveryClient    : Shutting down DiscoveryClient ...
2023-07-07T10:16:22.692+05:30  INFO 3184 --- [SpringApplicationShutdownHook] com.netflix.discovery.DiscoveryClient    : Unregistering ...
2023-07-07T10:16:22.725+05:30  INFO 3184 --- [SpringApplicationShutdownHook] com.netflix.discovery.DiscoveryClient    : DiscoveryClient_COURSESERVICE/LAPTOP-29KK0LJS:courseservice:9091 - deregister  status: 200
2023-07-07T10:16:22.744+05:30  INFO 3184 --- [SpringApplicationShutdownHook] com.netflix.discovery.DiscoveryClient    : Completed shut down of DiscoveryClient
2023-07-07T11:07:01.086+05:30  INFO 8532 --- [main] com.cms.CourseServiceApplication         : Starting CourseServiceApplication using Java 17.0.6 with PID 8532 (G:\Course-Management-System_945\CourseService\target\classes started by santo in G:\Course-Management-System_945)
2023-07-07T11:07:01.110+05:30  INFO 8532 --- [main] com.cms.CourseServiceApplication         : No active profile set, falling back to 1 default profile: "default"
2023-07-07T11:07:03.387+05:30  INFO 8532 --- [main] .s.d.r.c.RepositoryConfigurationDelegate : Bootstrapping Spring Data MongoDB repositories in DEFAULT mode.
2023-07-07T11:07:03.697+05:30  INFO 8532 --- [main] .s.d.r.c.RepositoryConfigurationDelegate : Finished Spring Data repository scanning in 298 ms. Found 1 MongoDB repository interfaces.
2023-07-07T11:07:05.457+05:30  INFO 8532 --- [main] o.s.cloud.context.scope.GenericScope     : BeanFactory id=baf4f57d-67f0-342b-b59f-1d609cf3e83d
2023-07-07T11:07:05.769+05:30  INFO 8532 --- [main] trationDelegate$BeanPostProcessorChecker : Bean 'com.cms.proxy.AdmissionProxy' of type [org.springframework.cloud.openfeign.FeignClientFactoryBean] is not eligible for getting processed by all BeanPostProcessors (for example: not eligible for auto-proxying)
2023-07-07T11:07:05.780+05:30  INFO 8532 --- [main] trationDelegate$BeanPostProcessorChecker : Bean 'com.cms.proxy.AuthenticationAuthorizationProxy' of type [org.springframework.cloud.openfeign.FeignClientFactoryBean] is not eligible for getting processed by all BeanPostProcessors (for example: not eligible for auto-proxying)
2023-07-07T11:07:06.423+05:30  INFO 8532 --- [main] trationDelegate$BeanPostProcessorChecker : Bean 'org.springframework.cloud.client.loadbalancer.reactive.LoadBalancerBeanPostProcessorAutoConfiguration' of type [org.springframework.cloud.client.loadbalancer.reactive.LoadBalancerBeanPostProcessorAutoConfiguration] is not eligible for getting processed by all BeanPostProcessors (for example: not eligible for auto-proxying)
2023-07-07T11:07:06.441+05:30  INFO 8532 --- [main] trationDelegate$BeanPostProcessorChecker : Bean 'org.springframework.cloud.client.loadbalancer.reactive.LoadBalancerBeanPostProcessorAutoConfiguration$ReactorDeferringLoadBalancerFilterConfig' of type [org.springframework.cloud.client.loadbalancer.reactive.LoadBalancerBeanPostProcessorAutoConfiguration$ReactorDeferringLoadBalancerFilterConfig] is not eligible for getting processed by all BeanPostProcessors (for example: not eligible for auto-proxying)
2023-07-07T11:07:06.453+05:30  INFO 8532 --- [main] trationDelegate$BeanPostProcessorChecker : Bean 'reactorDeferringLoadBalancerExchangeFilterFunction' of type [org.springframework.cloud.client.loadbalancer.reactive.DeferringLoadBalancerExchangeFilterFunction] is not eligible for getting processed by all BeanPostProcessors (for example: not eligible for auto-proxying)
2023-07-07T11:07:07.583+05:30  INFO 8532 --- [main] o.s.b.w.embedded.tomcat.TomcatWebServer  : Tomcat initialized with port(s): 9091 (http)
2023-07-07T11:07:07.636+05:30  INFO 8532 --- [main] o.apache.catalina.core.StandardService   : Starting service [Tomcat]
2023-07-07T11:07:07.640+05:30  INFO 8532 --- [main] o.apache.catalina.core.StandardEngine    : Starting Servlet engine: [Apache Tomcat/10.1.8]
2023-07-07T11:07:08.067+05:30  INFO 8532 --- [main] o.a.c.c.C.[Tomcat].[localhost].[/]       : Initializing Spring embedded WebApplicationContext
2023-07-07T11:07:08.069+05:30  INFO 8532 --- [main] w.s.c.ServletWebServerApplicationContext : Root WebApplicationContext: initialization completed in 6643 ms
2023-07-07T11:07:08.874+05:30  INFO 8532 --- [cluster-ClusterId{value='64a7a4847bbbe37e686f7bb9', description='null'}-localhost:27017] org.mongodb.driver.cluster               : Monitor thread successfully connected to server with description ServerDescription{address=localhost:27017, type=STANDALONE, state=CONNECTED, ok=true, minWireVersion=0, maxWireVersion=17, maxDocumentSize=16777216, logicalSessionTimeoutMinutes=30, roundTripTimeNanos=47175600}
2023-07-07T11:07:08.843+05:30  INFO 8532 --- [main] org.mongodb.driver.client                : MongoClient with metadata {"driver": {"name": "mongo-java-driver|sync|spring-boot", "version": "4.8.2"}, "os": {"type": "Windows", "name": "Windows 10", "architecture": "amd64", "version": "10.0"}, "platform": "Java/Eclipse Adoptium/17.0.6+10"} created with settings MongoClientSettings{readPreference=primary, writeConcern=WriteConcern{w=null, wTimeout=null ms, journal=null}, retryWrites=true, retryReads=true, readConcern=ReadConcern{level=null}, credential=null, streamFactoryFactory=null, commandListeners=[], codecRegistry=ProvidersCodecRegistry{codecProviders=[ValueCodecProvider{}, BsonValueCodecProvider{}, DBRefCodecProvider{}, DBObjectCodecProvider{}, DocumentCodecProvider{}, CollectionCodecProvider{}, IterableCodecProvider{}, MapCodecProvider{}, GeoJsonCodecProvider{}, GridFSFileCodecProvider{}, Jsr310CodecProvider{}, JsonObjectCodecProvider{}, BsonCodecProvider{}, EnumCodecProvider{}, com.mongodb.Jep395RecordCodecProvider@30c7be6f]}, clusterSettings={hosts=[localhost:27017], srvServiceName=mongodb, mode=SINGLE, requiredClusterType=UNKNOWN, requiredReplicaSetName='null', serverSelector='null', clusterListeners='[]', serverSelectionTimeout='30000 ms', localThreshold='30000 ms'}, socketSettings=SocketSettings{connectTimeoutMS=10000, readTimeoutMS=0, receiveBufferSize=0, sendBufferSize=0}, heartbeatSocketSettings=SocketSettings{connectTimeoutMS=10000, readTimeoutMS=10000, receiveBufferSize=0, sendBufferSize=0}, connectionPoolSettings=ConnectionPoolSettings{maxSize=100, minSize=0, maxWaitTimeMS=120000, maxConnectionLifeTimeMS=0, maxConnectionIdleTimeMS=0, maintenanceInitialDelayMS=0, maintenanceFrequencyMS=60000, connectionPoolListeners=[], maxConnecting=2}, serverSettings=ServerSettings{heartbeatFrequencyMS=10000, minHeartbeatFrequencyMS=500, serverListeners='[]', serverMonitorListeners='[]'}, sslSettings=SslSettings{enabled=false, invalidHostNameAllowed=false, context=null}, applicationName='null', compressorList=[], uuidRepresentation=JAVA_LEGACY, serverApi=null, autoEncryptionSettings=null, contextProvider=null}
2023-07-07T11:07:14.143+05:30  INFO 8532 --- [main] DiscoveryClientOptionalArgsConfiguration : Eureka HTTP Client uses RestTemplate.
2023-07-07T11:07:15.273+05:30  WARN 8532 --- [main] iguration$LoadBalancerCaffeineWarnLogger : Spring Cloud LoadBalancer is currently working with the default cache. While this cache implementation is useful for development and tests, it's recommended to use Caffeine cache in production.You can switch to using Caffeine cache, by adding it and org.springframework.cache.caffeine.CaffeineCacheManager to the classpath.
2023-07-07T11:07:15.403+05:30  INFO 8532 --- [main] o.s.c.n.eureka.InstanceInfoFactory       : Setting initial instance status as: STARTING
2023-07-07T11:07:15.635+05:30  INFO 8532 --- [main] com.netflix.discovery.DiscoveryClient    : Initializing Eureka in region us-east-1
2023-07-07T11:07:15.651+05:30  INFO 8532 --- [main] c.n.d.s.r.aws.ConfigClusterResolver      : Resolving eureka endpoints via configuration
2023-07-07T11:07:15.721+05:30  INFO 8532 --- [main] com.netflix.discovery.DiscoveryClient    : Disable delta property : false
2023-07-07T11:07:15.724+05:30  INFO 8532 --- [main] com.netflix.discovery.DiscoveryClient    : Single vip registry refresh property : null
2023-07-07T11:07:15.737+05:30  INFO 8532 --- [main] com.netflix.discovery.DiscoveryClient    : Force full registry fetch : false
2023-07-07T11:07:15.748+05:30  INFO 8532 --- [main] com.netflix.discovery.DiscoveryClient    : Application is null : false
2023-07-07T11:07:15.753+05:30  INFO 8532 --- [main] com.netflix.discovery.DiscoveryClient    : Registered Applications size is zero : true
2023-07-07T11:07:15.756+05:30  INFO 8532 --- [main] com.netflix.discovery.DiscoveryClient    : Application version is -1: true
2023-07-07T11:07:15.762+05:30  INFO 8532 --- [main] com.netflix.discovery.DiscoveryClient    : Getting all instance registry info from the eureka server
2023-07-07T11:07:16.371+05:30  INFO 8532 --- [main] com.netflix.discovery.DiscoveryClient    : The response status is 200
2023-07-07T11:07:16.378+05:30  INFO 8532 --- [main] com.netflix.discovery.DiscoveryClient    : Starting heartbeat executor: renew interval is: 30
2023-07-07T11:07:16.406+05:30  INFO 8532 --- [main] c.n.discovery.InstanceInfoReplicator     : InstanceInfoReplicator onDemand update allowed rate per min is 4
2023-07-07T11:07:16.429+05:30  INFO 8532 --- [main] com.netflix.discovery.DiscoveryClient    : Discovery Client initialized at timestamp 1688708236427 with initial instances count: 1
2023-07-07T11:07:16.463+05:30  INFO 8532 --- [main] o.s.c.n.e.s.EurekaServiceRegistry        : Registering application COURSESERVICE with eureka with status UP
2023-07-07T11:07:16.469+05:30  INFO 8532 --- [main] com.netflix.discovery.DiscoveryClient    : Saw local status change event StatusChangeEvent [timestamp=1688708236468, current=UP, previous=STARTING]
2023-07-07T11:07:16.474+05:30  INFO 8532 --- [DiscoveryClient-InstanceInfoReplicator-0] com.netflix.discovery.DiscoveryClient    : DiscoveryClient_COURSESERVICE/LAPTOP-29KK0LJS:courseservice:9091: registering service...
2023-07-07T11:07:16.553+05:30  INFO 8532 --- [main] o.s.b.w.embedded.tomcat.TomcatWebServer  : Tomcat started on port(s): 9091 (http) with context path ''
2023-07-07T11:07:16.558+05:30  INFO 8532 --- [main] .s.c.n.e.s.EurekaAutoServiceRegistration : Updating port to 9091
2023-07-07T11:07:16.654+05:30  INFO 8532 --- [DiscoveryClient-InstanceInfoReplicator-0] com.netflix.discovery.DiscoveryClient    : DiscoveryClient_COURSESERVICE/LAPTOP-29KK0LJS:courseservice:9091 - registration status: 204
2023-07-07T11:07:17.370+05:30  INFO 8532 --- [main] com.cms.CourseServiceApplication         : Started CourseServiceApplication in 17.697 seconds (process running for 18.708)
2023-07-07T11:12:15.789+05:30  INFO 8532 --- [AsyncResolver-bootstrap-executor-0] c.n.d.s.r.aws.ConfigClusterResolver      : Resolving eureka endpoints via configuration
2023-07-07T11:17:15.824+05:30  INFO 8532 --- [AsyncResolver-bootstrap-executor-0] c.n.d.s.r.aws.ConfigClusterResolver      : Resolving eureka endpoints via configuration
2023-07-07T11:22:15.878+05:30  INFO 8532 --- [AsyncResolver-bootstrap-executor-0] c.n.d.s.r.aws.ConfigClusterResolver      : Resolving eureka endpoints via configuration
2023-07-07T11:27:15.941+05:30  INFO 8532 --- [AsyncResolver-bootstrap-executor-0] c.n.d.s.r.aws.ConfigClusterResolver      : Resolving eureka endpoints via configuration
2023-07-07T11:32:15.959+05:30  INFO 8532 --- [AsyncResolver-bootstrap-executor-0] c.n.d.s.r.aws.ConfigClusterResolver      : Resolving eureka endpoints via configuration
2023-07-07T11:37:15.982+05:30  INFO 8532 --- [AsyncResolver-bootstrap-executor-0] c.n.d.s.r.aws.ConfigClusterResolver      : Resolving eureka endpoints via configuration
2023-07-07T11:42:16.353+05:30  INFO 8532 --- [AsyncResolver-bootstrap-executor-0] c.n.d.s.r.aws.ConfigClusterResolver      : Resolving eureka endpoints via configuration
2023-07-07T11:47:16.373+05:30  INFO 8532 --- [AsyncResolver-bootstrap-executor-0] c.n.d.s.r.aws.ConfigClusterResolver      : Resolving eureka endpoints via configuration
2023-07-07T11:52:16.379+05:30  INFO 8532 --- [AsyncResolver-bootstrap-executor-0] c.n.d.s.r.aws.ConfigClusterResolver      : Resolving eureka endpoints via configuration
2023-07-07T11:57:16.393+05:30  INFO 8532 --- [AsyncResolver-bootstrap-executor-0] c.n.d.s.r.aws.ConfigClusterResolver      : Resolving eureka endpoints via configuration
2023-07-07T12:02:16.397+05:30  INFO 8532 --- [AsyncResolver-bootstrap-executor-0] c.n.d.s.r.aws.ConfigClusterResolver      : Resolving eureka endpoints via configuration
2023-07-07T12:07:16.416+05:30  INFO 8532 --- [AsyncResolver-bootstrap-executor-0] c.n.d.s.r.aws.ConfigClusterResolver      : Resolving eureka endpoints via configuration
2023-07-07T12:12:16.428+05:30  INFO 8532 --- [AsyncResolver-bootstrap-executor-0] c.n.d.s.r.aws.ConfigClusterResolver      : Resolving eureka endpoints via configuration
2023-07-07T12:17:16.448+05:30  INFO 8532 --- [AsyncResolver-bootstrap-executor-0] c.n.d.s.r.aws.ConfigClusterResolver      : Resolving eureka endpoints via configuration
2023-07-07T12:22:16.459+05:30  INFO 8532 --- [AsyncResolver-bootstrap-executor-0] c.n.d.s.r.aws.ConfigClusterResolver      : Resolving eureka endpoints via configuration
2023-07-07T12:27:16.485+05:30  INFO 8532 --- [AsyncResolver-bootstrap-executor-0] c.n.d.s.r.aws.ConfigClusterResolver      : Resolving eureka endpoints via configuration
2023-07-07T12:30:49.904+05:30  INFO 8532 --- [SpringApplicationShutdownHook] o.s.c.n.e.s.EurekaServiceRegistry        : Unregistering application COURSESERVICE with eureka with status DOWN
2023-07-07T12:30:49.908+05:30  INFO 8532 --- [SpringApplicationShutdownHook] com.netflix.discovery.DiscoveryClient    : Saw local status change event StatusChangeEvent [timestamp=1688713249908, current=DOWN, previous=UP]
2023-07-07T12:30:49.913+05:30  INFO 8532 --- [DiscoveryClient-InstanceInfoReplicator-0] com.netflix.discovery.DiscoveryClient    : DiscoveryClient_COURSESERVICE/LAPTOP-29KK0LJS:courseservice:9091: registering service...
2023-07-07T12:30:50.022+05:30  INFO 8532 --- [DiscoveryClient-InstanceInfoReplicator-0] com.netflix.discovery.DiscoveryClient    : DiscoveryClient_COURSESERVICE/LAPTOP-29KK0LJS:courseservice:9091 - registration status: 204
2023-07-07T12:30:50.723+05:30  INFO 8532 --- [SpringApplicationShutdownHook] com.netflix.discovery.DiscoveryClient    : Shutting down DiscoveryClient ...
2023-07-07T12:30:53.741+05:30  WARN 8532 --- [DiscoveryClient-1] c.netflix.discovery.TimedSupervisorTask  : task supervisor shutting down, can't accept the task
2023-07-07T12:30:53.759+05:30  INFO 8532 --- [SpringApplicationShutdownHook] com.netflix.discovery.DiscoveryClient    : Unregistering ...
2023-07-07T12:30:53.808+05:30  INFO 8532 --- [SpringApplicationShutdownHook] com.netflix.discovery.DiscoveryClient    : DiscoveryClient_COURSESERVICE/LAPTOP-29KK0LJS:courseservice:9091 - deregister  status: 200
2023-07-07T12:30:53.828+05:30  INFO 8532 --- [SpringApplicationShutdownHook] com.netflix.discovery.DiscoveryClient    : Completed shut down of DiscoveryClient
2023-07-07T12:30:59.468+05:30  INFO 12972 --- [main] com.cms.CourseServiceApplication         : Starting CourseServiceApplication using Java 17.0.6 with PID 12972 (G:\Course-Management-System_945\CourseService\target\classes started by santo in G:\Course-Management-System_945)
2023-07-07T12:30:59.508+05:30  INFO 12972 --- [main] com.cms.CourseServiceApplication         : No active profile set, falling back to 1 default profile: "default"
2023-07-07T12:31:01.836+05:30  INFO 12972 --- [main] .s.d.r.c.RepositoryConfigurationDelegate : Bootstrapping Spring Data MongoDB repositories in DEFAULT mode.
2023-07-07T12:31:02.410+05:30  INFO 12972 --- [main] .s.d.r.c.RepositoryConfigurationDelegate : Finished Spring Data repository scanning in 559 ms. Found 1 MongoDB repository interfaces.
2023-07-07T12:31:04.431+05:30  INFO 12972 --- [main] o.s.cloud.context.scope.GenericScope     : BeanFactory id=baf4f57d-67f0-342b-b59f-1d609cf3e83d
2023-07-07T12:31:04.602+05:30  INFO 12972 --- [main] trationDelegate$BeanPostProcessorChecker : Bean 'com.cms.proxy.AdmissionProxy' of type [org.springframework.cloud.openfeign.FeignClientFactoryBean] is not eligible for getting processed by all BeanPostProcessors (for example: not eligible for auto-proxying)
2023-07-07T12:31:04.609+05:30  INFO 12972 --- [main] trationDelegate$BeanPostProcessorChecker : Bean 'com.cms.proxy.AuthenticationAuthorizationProxy' of type [org.springframework.cloud.openfeign.FeignClientFactoryBean] is not eligible for getting processed by all BeanPostProcessors (for example: not eligible for auto-proxying)
2023-07-07T12:31:05.700+05:30  INFO 12972 --- [main] trationDelegate$BeanPostProcessorChecker : Bean 'org.springframework.cloud.client.loadbalancer.reactive.LoadBalancerBeanPostProcessorAutoConfiguration' of type [org.springframework.cloud.client.loadbalancer.reactive.LoadBalancerBeanPostProcessorAutoConfiguration] is not eligible for getting processed by all BeanPostProcessors (for example: not eligible for auto-proxying)
2023-07-07T12:31:05.758+05:30  INFO 12972 --- [main] trationDelegate$BeanPostProcessorChecker : Bean 'org.springframework.cloud.client.loadbalancer.reactive.LoadBalancerBeanPostProcessorAutoConfiguration$ReactorDeferringLoadBalancerFilterConfig' of type [org.springframework.cloud.client.loadbalancer.reactive.LoadBalancerBeanPostProcessorAutoConfiguration$ReactorDeferringLoadBalancerFilterConfig] is not eligible for getting processed by all BeanPostProcessors (for example: not eligible for auto-proxying)
2023-07-07T12:31:05.786+05:30  INFO 12972 --- [main] trationDelegate$BeanPostProcessorChecker : Bean 'reactorDeferringLoadBalancerExchangeFilterFunction' of type [org.springframework.cloud.client.loadbalancer.reactive.DeferringLoadBalancerExchangeFilterFunction] is not eligible for getting processed by all BeanPostProcessors (for example: not eligible for auto-proxying)
2023-07-07T12:31:07.421+05:30  INFO 12972 --- [main] o.s.b.w.embedded.tomcat.TomcatWebServer  : Tomcat initialized with port(s): 9091 (http)
2023-07-07T12:31:07.444+05:30  INFO 12972 --- [main] o.apache.catalina.core.StandardService   : Starting service [Tomcat]
2023-07-07T12:31:07.449+05:30  INFO 12972 --- [main] o.apache.catalina.core.StandardEngine    : Starting Servlet engine: [Apache Tomcat/10.1.8]
2023-07-07T12:31:07.698+05:30  INFO 12972 --- [main] o.a.c.c.C.[Tomcat].[localhost].[/]       : Initializing Spring embedded WebApplicationContext
2023-07-07T12:31:07.699+05:30  INFO 12972 --- [main] w.s.c.ServletWebServerApplicationContext : Root WebApplicationContext: initialization completed in 7925 ms
2023-07-07T12:31:08.235+05:30  INFO 12972 --- [main] org.mongodb.driver.client                : MongoClient with metadata {"driver": {"name": "mongo-java-driver|sync|spring-boot", "version": "4.8.2"}, "os": {"type": "Windows", "name": "Windows 10", "architecture": "amd64", "version": "10.0"}, "platform": "Java/Eclipse Adoptium/17.0.6+10"} created with settings MongoClientSettings{readPreference=primary, writeConcern=WriteConcern{w=null, wTimeout=null ms, journal=null}, retryWrites=true, retryReads=true, readConcern=ReadConcern{level=null}, credential=null, streamFactoryFactory=null, commandListeners=[], codecRegistry=ProvidersCodecRegistry{codecProviders=[ValueCodecProvider{}, BsonValueCodecProvider{}, DBRefCodecProvider{}, DBObjectCodecProvider{}, DocumentCodecProvider{}, CollectionCodecProvider{}, IterableCodecProvider{}, MapCodecProvider{}, GeoJsonCodecProvider{}, GridFSFileCodecProvider{}, Jsr310CodecProvider{}, JsonObjectCodecProvider{}, BsonCodecProvider{}, EnumCodecProvider{}, com.mongodb.Jep395RecordCodecProvider@4be12f6c]}, clusterSettings={hosts=[localhost:27017], srvServiceName=mongodb, mode=SINGLE, requiredClusterType=UNKNOWN, requiredReplicaSetName='null', serverSelector='null', clusterListeners='[]', serverSelectionTimeout='30000 ms', localThreshold='30000 ms'}, socketSettings=SocketSettings{connectTimeoutMS=10000, readTimeoutMS=0, receiveBufferSize=0, sendBufferSize=0}, heartbeatSocketSettings=SocketSettings{connectTimeoutMS=10000, readTimeoutMS=10000, receiveBufferSize=0, sendBufferSize=0}, connectionPoolSettings=ConnectionPoolSettings{maxSize=100, minSize=0, maxWaitTimeMS=120000, maxConnectionLifeTimeMS=0, maxConnectionIdleTimeMS=0, maintenanceInitialDelayMS=0, maintenanceFrequencyMS=60000, connectionPoolListeners=[], maxConnecting=2}, serverSettings=ServerSettings{heartbeatFrequencyMS=10000, minHeartbeatFrequencyMS=500, serverListeners='[]', serverMonitorListeners='[]'}, sslSettings=SslSettings{enabled=false, invalidHostNameAllowed=false, context=null}, applicationName='null', compressorList=[], uuidRepresentation=JAVA_LEGACY, serverApi=null, autoEncryptionSettings=null, contextProvider=null}
2023-07-07T12:31:08.353+05:30  INFO 12972 --- [cluster-ClusterId{value='64a7b8342da7510ee9bd363f', description='null'}-localhost:27017] org.mongodb.driver.cluster               : Monitor thread successfully connected to server with description ServerDescription{address=localhost:27017, type=STANDALONE, state=CONNECTED, ok=true, minWireVersion=0, maxWireVersion=17, maxDocumentSize=16777216, logicalSessionTimeoutMinutes=30, roundTripTimeNanos=124765400}
2023-07-07T12:31:17.503+05:30  INFO 12972 --- [main] DiscoveryClientOptionalArgsConfiguration : Eureka HTTP Client uses RestTemplate.
2023-07-07T12:31:18.065+05:30  WARN 12972 --- [main] iguration$LoadBalancerCaffeineWarnLogger : Spring Cloud LoadBalancer is currently working with the default cache. While this cache implementation is useful for development and tests, it's recommended to use Caffeine cache in production.You can switch to using Caffeine cache, by adding it and org.springframework.cache.caffeine.CaffeineCacheManager to the classpath.
2023-07-07T12:31:18.163+05:30  INFO 12972 --- [main] o.s.c.n.eureka.InstanceInfoFactory       : Setting initial instance status as: STARTING
2023-07-07T12:31:18.410+05:30  INFO 12972 --- [main] com.netflix.discovery.DiscoveryClient    : Initializing Eureka in region us-east-1
2023-07-07T12:31:18.455+05:30  INFO 12972 --- [main] c.n.d.s.r.aws.ConfigClusterResolver      : Resolving eureka endpoints via configuration
2023-07-07T12:31:18.578+05:30  INFO 12972 --- [main] com.netflix.discovery.DiscoveryClient    : Disable delta property : false
2023-07-07T12:31:18.581+05:30  INFO 12972 --- [main] com.netflix.discovery.DiscoveryClient    : Single vip registry refresh property : null
2023-07-07T12:31:18.593+05:30  INFO 12972 --- [main] com.netflix.discovery.DiscoveryClient    : Force full registry fetch : false
2023-07-07T12:31:18.600+05:30  INFO 12972 --- [main] com.netflix.discovery.DiscoveryClient    : Application is null : false
2023-07-07T12:31:18.603+05:30  INFO 12972 --- [main] com.netflix.discovery.DiscoveryClient    : Registered Applications size is zero : true
2023-07-07T12:31:18.606+05:30  INFO 12972 --- [main] com.netflix.discovery.DiscoveryClient    : Application version is -1: true
2023-07-07T12:31:18.609+05:30  INFO 12972 --- [main] com.netflix.discovery.DiscoveryClient    : Getting all instance registry info from the eureka server
2023-07-07T12:31:19.571+05:30  INFO 12972 --- [main] com.netflix.discovery.DiscoveryClient    : The response status is 200
2023-07-07T12:31:19.620+05:30  INFO 12972 --- [main] com.netflix.discovery.DiscoveryClient    : Starting heartbeat executor: renew interval is: 30
2023-07-07T12:31:19.651+05:30  INFO 12972 --- [main] c.n.discovery.InstanceInfoReplicator     : InstanceInfoReplicator onDemand update allowed rate per min is 4
2023-07-07T12:31:19.679+05:30  INFO 12972 --- [main] com.netflix.discovery.DiscoveryClient    : Discovery Client initialized at timestamp 1688713279675 with initial instances count: 2
2023-07-07T12:31:19.725+05:30  INFO 12972 --- [main] o.s.c.n.e.s.EurekaServiceRegistry        : Registering application COURSESERVICE with eureka with status UP
2023-07-07T12:31:19.737+05:30  INFO 12972 --- [main] com.netflix.discovery.DiscoveryClient    : Saw local status change event StatusChangeEvent [timestamp=1688713279737, current=UP, previous=STARTING]
2023-07-07T12:31:19.746+05:30  INFO 12972 --- [DiscoveryClient-InstanceInfoReplicator-0] com.netflix.discovery.DiscoveryClient    : DiscoveryClient_COURSESERVICE/LAPTOP-29KK0LJS:courseservice:9091: registering service...
2023-07-07T12:31:19.867+05:30  INFO 12972 --- [main] o.s.b.w.embedded.tomcat.TomcatWebServer  : Tomcat started on port(s): 9091 (http) with context path ''
2023-07-07T12:31:19.876+05:30  INFO 12972 --- [main] .s.c.n.e.s.EurekaAutoServiceRegistration : Updating port to 9091
2023-07-07T12:31:19.924+05:30  INFO 12972 --- [DiscoveryClient-InstanceInfoReplicator-0] com.netflix.discovery.DiscoveryClient    : DiscoveryClient_COURSESERVICE/LAPTOP-29KK0LJS:courseservice:9091 - registration status: 204
2023-07-07T12:31:20.525+05:30  INFO 12972 --- [main] com.cms.CourseServiceApplication         : Started CourseServiceApplication in 22.549 seconds (process running for 23.653)
2023-07-07T12:35:05.970+05:30  INFO 12972 --- [http-nio-9091-exec-1] o.a.c.c.C.[Tomcat].[localhost].[/]       : Initializing Spring DispatcherServlet 'dispatcherServlet'
2023-07-07T12:35:05.972+05:30  INFO 12972 --- [http-nio-9091-exec-1] o.s.web.servlet.DispatcherServlet        : Initializing Servlet 'dispatcherServlet'
2023-07-07T12:35:05.976+05:30  INFO 12972 --- [http-nio-9091-exec-1] o.s.web.servlet.DispatcherServlet        : Completed initialization in 2 ms
2023-07-07T12:35:06.367+05:30  INFO 12972 --- [http-nio-9091-exec-1] com.cms.aspect.LoggingAspect             : The method viewAll has completed successfully.
2023-07-07T12:35:24.503+05:30  INFO 12972 --- [http-nio-9091-exec-2] com.cms.aspect.LoggingAspect             : The method viewAll has completed successfully.
2023-07-07T12:36:18.627+05:30  INFO 12972 --- [AsyncResolver-bootstrap-executor-0] c.n.d.s.r.aws.ConfigClusterResolver      : Resolving eureka endpoints via configuration
2023-07-07T12:41:18.632+05:30  INFO 12972 --- [AsyncResolver-bootstrap-executor-0] c.n.d.s.r.aws.ConfigClusterResolver      : Resolving eureka endpoints via configuration
2023-07-07T12:46:18.653+05:30  INFO 12972 --- [AsyncResolver-bootstrap-executor-0] c.n.d.s.r.aws.ConfigClusterResolver      : Resolving eureka endpoints via configuration
2023-07-07T12:51:18.669+05:30  INFO 12972 --- [AsyncResolver-bootstrap-executor-0] c.n.d.s.r.aws.ConfigClusterResolver      : Resolving eureka endpoints via configuration
2023-07-07T12:56:18.672+05:30  INFO 12972 --- [AsyncResolver-bootstrap-executor-0] c.n.d.s.r.aws.ConfigClusterResolver      : Resolving eureka endpoints via configuration
2023-07-07T13:01:18.686+05:30  INFO 12972 --- [AsyncResolver-bootstrap-executor-0] c.n.d.s.r.aws.ConfigClusterResolver      : Resolving eureka endpoints via configuration
2023-07-07T13:06:18.694+05:30  INFO 12972 --- [AsyncResolver-bootstrap-executor-0] c.n.d.s.r.aws.ConfigClusterResolver      : Resolving eureka endpoints via configuration
2023-07-07T13:11:18.709+05:30  INFO 12972 --- [AsyncResolver-bootstrap-executor-0] c.n.d.s.r.aws.ConfigClusterResolver      : Resolving eureka endpoints via configuration
2023-07-07T13:16:18.727+05:30  INFO 12972 --- [AsyncResolver-bootstrap-executor-0] c.n.d.s.r.aws.ConfigClusterResolver      : Resolving eureka endpoints via configuration
2023-07-07T13:21:18.730+05:30  INFO 12972 --- [AsyncResolver-bootstrap-executor-0] c.n.d.s.r.aws.ConfigClusterResolver      : Resolving eureka endpoints via configuration
2023-07-07T13:23:12.326+05:30  INFO 12972 --- [http-nio-9091-exec-4] com.cms.aspect.LoggingAspect             : The method viewAll has completed successfully.
2023-07-07T13:26:18.734+05:30  INFO 12972 --- [AsyncResolver-bootstrap-executor-0] c.n.d.s.r.aws.ConfigClusterResolver      : Resolving eureka endpoints via configuration
2023-07-07T13:31:18.747+05:30  INFO 12972 --- [AsyncResolver-bootstrap-executor-0] c.n.d.s.r.aws.ConfigClusterResolver      : Resolving eureka endpoints via configuration
2023-07-07T13:36:18.766+05:30  INFO 12972 --- [AsyncResolver-bootstrap-executor-0] c.n.d.s.r.aws.ConfigClusterResolver      : Resolving eureka endpoints via configuration
2023-07-07T13:41:18.785+05:30  INFO 12972 --- [AsyncResolver-bootstrap-executor-0] c.n.d.s.r.aws.ConfigClusterResolver      : Resolving eureka endpoints via configuration
2023-07-07T13:45:08.094+05:30  INFO 12972 --- [http-nio-9091-exec-7] com.cms.aspect.LoggingAspect             : The method viewAll has completed successfully.
2023-07-07T13:45:54.282+05:30  INFO 12972 --- [http-nio-9091-exec-8] com.cms.aspect.LoggingAspect             : The method viewAll has completed successfully.
2023-07-07T13:46:00.185+05:30  INFO 12972 --- [http-nio-9091-exec-9] com.cms.aspect.LoggingAspect             : The method viewAll has completed successfully.
2023-07-07T13:46:18.797+05:30  INFO 12972 --- [AsyncResolver-bootstrap-executor-0] c.n.d.s.r.aws.ConfigClusterResolver      : Resolving eureka endpoints via configuration
2023-07-07T13:47:18.645+05:30  INFO 12972 --- [http-nio-9091-exec-5] com.cms.aspect.LoggingAspect             : The method viewAll has completed successfully.
2023-07-07T13:51:18.802+05:30  INFO 12972 --- [AsyncResolver-bootstrap-executor-0] c.n.d.s.r.aws.ConfigClusterResolver      : Resolving eureka endpoints via configuration
2023-07-07T13:56:18.808+05:30  INFO 12972 --- [AsyncResolver-bootstrap-executor-0] c.n.d.s.r.aws.ConfigClusterResolver      : Resolving eureka endpoints via configuration
2023-07-07T14:01:18.820+05:30  INFO 12972 --- [AsyncResolver-bootstrap-executor-0] c.n.d.s.r.aws.ConfigClusterResolver      : Resolving eureka endpoints via configuration
2023-07-07T14:03:05.398+05:30  INFO 12972 --- [http-nio-9091-exec-2] com.cms.aspect.LoggingAspect             : The method viewAll has completed successfully.
2023-07-07T14:06:18.827+05:30  INFO 12972 --- [AsyncResolver-bootstrap-executor-0] c.n.d.s.r.aws.ConfigClusterResolver      : Resolving eureka endpoints via configuration
2023-07-07T14:06:32.643+05:30  INFO 12972 --- [http-nio-9091-exec-4] com.cms.aspect.LoggingAspect             : The method viewAll has completed successfully.
2023-07-07T14:07:16.663+05:30  INFO 12972 --- [http-nio-9091-exec-6] com.cms.aspect.LoggingAspect             : The method viewAll has completed successfully.
2023-07-07T14:11:18.835+05:30  INFO 12972 --- [AsyncResolver-bootstrap-executor-0] c.n.d.s.r.aws.ConfigClusterResolver      : Resolving eureka endpoints via configuration
2023-07-07T14:16:18.848+05:30  INFO 12972 --- [AsyncResolver-bootstrap-executor-0] c.n.d.s.r.aws.ConfigClusterResolver      : Resolving eureka endpoints via configuration
2023-07-07T14:21:18.860+05:30  INFO 12972 --- [AsyncResolver-bootstrap-executor-0] c.n.d.s.r.aws.ConfigClusterResolver      : Resolving eureka endpoints via configuration
2023-07-07T14:23:21.613+05:30  INFO 12972 --- [http-nio-9091-exec-8] com.cms.aspect.LoggingAspect             : The method viewAll has completed successfully.
2023-07-07T14:24:31.025+05:30  INFO 12972 --- [http-nio-9091-exec-10] com.cms.aspect.LoggingAspect             : The method viewAll has completed successfully.
2023-07-07T14:26:18.865+05:30  INFO 12972 --- [AsyncResolver-bootstrap-executor-0] c.n.d.s.r.aws.ConfigClusterResolver      : Resolving eureka endpoints via configuration
2023-07-07T14:26:30.380+05:30  INFO 12972 --- [http-nio-9091-exec-1] com.cms.aspect.LoggingAspect             : The method viewAll has completed successfully.
2023-07-07T14:30:20.314+05:30  INFO 12972 --- [http-nio-9091-exec-3] com.cms.aspect.LoggingAspect             : The method viewAll has completed successfully.
2023-07-07T14:31:12.684+05:30  INFO 12972 --- [http-nio-9091-exec-4] com.cms.aspect.LoggingAspect             : The method viewAll has completed successfully.
2023-07-07T14:31:18.381+05:30  INFO 12972 --- [http-nio-9091-exec-6] com.cms.aspect.LoggingAspect             : The method viewAll has completed successfully.
2023-07-07T14:31:18.883+05:30  INFO 12972 --- [AsyncResolver-bootstrap-executor-0] c.n.d.s.r.aws.ConfigClusterResolver      : Resolving eureka endpoints via configuration
2023-07-07T14:36:18.894+05:30  INFO 12972 --- [AsyncResolver-bootstrap-executor-0] c.n.d.s.r.aws.ConfigClusterResolver      : Resolving eureka endpoints via configuration
2023-07-07T14:36:33.309+05:30  INFO 12972 --- [http-nio-9091-exec-8] com.cms.aspect.LoggingAspect             : The method viewAll has completed successfully.
2023-07-07T14:37:16.609+05:30  INFO 12972 --- [http-nio-9091-exec-9] com.cms.aspect.LoggingAspect             : The method viewAll has completed successfully.
2023-07-07T14:37:45.175+05:30  INFO 12972 --- [http-nio-9091-exec-10] com.cms.aspect.LoggingAspect             : The method viewAll has completed successfully.
2023-07-07T14:40:17.048+05:30  INFO 12972 --- [http-nio-9091-exec-1] com.cms.aspect.LoggingAspect             : The method viewAll has completed successfully.
2023-07-07T14:40:50.155+05:30  INFO 12972 --- [http-nio-9091-exec-2] com.cms.aspect.LoggingAspect             : The method viewAll has completed successfully.
2023-07-07T14:41:18.901+05:30  INFO 12972 --- [AsyncResolver-bootstrap-executor-0] c.n.d.s.r.aws.ConfigClusterResolver      : Resolving eureka endpoints via configuration
2023-07-07T14:43:38.327+05:30  INFO 12972 --- [http-nio-9091-exec-4] com.cms.aspect.LoggingAspect             : The method viewAll has completed successfully.
2023-07-07T14:46:18.906+05:30  INFO 12972 --- [AsyncResolver-bootstrap-executor-0] c.n.d.s.r.aws.ConfigClusterResolver      : Resolving eureka endpoints via configuration
2023-07-07T14:48:39.324+05:30  INFO 12972 --- [http-nio-9091-exec-7] com.cms.aspect.LoggingAspect             : The method viewAll has completed successfully.
2023-07-07T14:51:18.919+05:30  INFO 12972 --- [AsyncResolver-bootstrap-executor-0] c.n.d.s.r.aws.ConfigClusterResolver      : Resolving eureka endpoints via configuration
2023-07-07T14:52:12.914+05:30  INFO 12972 --- [http-nio-9091-exec-9] com.cms.aspect.LoggingAspect             : The method viewAll has completed successfully.
2023-07-07T14:52:31.938+05:30  INFO 12972 --- [http-nio-9091-exec-10] com.cms.aspect.LoggingAspect             : The method viewAll has completed successfully.
2023-07-07T14:53:50.624+05:30  INFO 12972 --- [http-nio-9091-exec-1] com.cms.aspect.LoggingAspect             : The method viewAll has completed successfully.
2023-07-07T14:54:14.078+05:30  INFO 12972 --- [http-nio-9091-exec-2] com.cms.aspect.LoggingAspect             : The method viewAll has completed successfully.
2023-07-07T14:54:23.567+05:30  INFO 12972 --- [http-nio-9091-exec-3] com.cms.aspect.LoggingAspect             : The method viewAll has completed successfully.
2023-07-07T14:54:30.993+05:30  INFO 12972 --- [http-nio-9091-exec-4] com.cms.aspect.LoggingAspect             : The method viewAll has completed successfully.
2023-07-07T14:55:42.488+05:30  INFO 12972 --- [http-nio-9091-exec-7] com.cms.aspect.LoggingAspect             : The method viewAll has completed successfully.
2023-07-07T14:56:19.087+05:30  INFO 12972 --- [AsyncResolver-bootstrap-executor-0] c.n.d.s.r.aws.ConfigClusterResolver      : Resolving eureka endpoints via configuration
2023-07-07T14:58:41.741+05:30  INFO 12972 --- [http-nio-9091-exec-9] com.cms.aspect.LoggingAspect             : The method viewAll has completed successfully.
2023-07-07T14:59:29.325+05:30  INFO 12972 --- [http-nio-9091-exec-10] com.cms.aspect.LoggingAspect             : The method viewAll has completed successfully.
2023-07-07T15:00:51.001+05:30  INFO 12972 --- [http-nio-9091-exec-1] com.cms.aspect.LoggingAspect             : The method viewAll has completed successfully.
2023-07-07T15:01:19.095+05:30  INFO 12972 --- [AsyncResolver-bootstrap-executor-0] c.n.d.s.r.aws.ConfigClusterResolver      : Resolving eureka endpoints via configuration
2023-07-07T15:02:45.328+05:30  INFO 12972 --- [http-nio-9091-exec-3] com.cms.aspect.LoggingAspect             : The method viewAll has completed successfully.
2023-07-07T15:03:20.719+05:30  INFO 12972 --- [http-nio-9091-exec-4] com.cms.aspect.LoggingAspect             : The method viewAll has completed successfully.
2023-07-07T15:03:46.544+05:30  INFO 12972 --- [http-nio-9091-exec-6] com.cms.aspect.LoggingAspect             : The method viewAll has completed successfully.
2023-07-07T15:04:06.775+05:30  INFO 12972 --- [http-nio-9091-exec-7] com.cms.aspect.LoggingAspect             : The method viewAll has completed successfully.
2023-07-07T15:04:26.858+05:30  INFO 12972 --- [http-nio-9091-exec-8] com.cms.aspect.LoggingAspect             : The method viewAll has completed successfully.
2023-07-07T15:04:38.538+05:30  INFO 12972 --- [http-nio-9091-exec-9] com.cms.aspect.LoggingAspect             : The method viewAll has completed successfully.
2023-07-07T15:05:36.969+05:30  INFO 12972 --- [http-nio-9091-exec-10] com.cms.aspect.LoggingAspect             : The method viewAll has completed successfully.
2023-07-07T15:06:19.108+05:30  INFO 12972 --- [AsyncResolver-bootstrap-executor-0] c.n.d.s.r.aws.ConfigClusterResolver      : Resolving eureka endpoints via configuration
2023-07-07T15:07:53.093+05:30  INFO 12972 --- [http-nio-9091-exec-1] com.cms.aspect.LoggingAspect             : The method viewAll has completed successfully.
2023-07-07T15:11:19.113+05:30  INFO 12972 --- [AsyncResolver-bootstrap-executor-0] c.n.d.s.r.aws.ConfigClusterResolver      : Resolving eureka endpoints via configuration
2023-07-07T15:11:45.748+05:30  INFO 12972 --- [http-nio-9091-exec-3] com.cms.aspect.LoggingAspect             : The method viewAll has completed successfully.
2023-07-07T15:12:09.942+05:30  INFO 12972 --- [http-nio-9091-exec-4] com.cms.aspect.LoggingAspect             : The method viewAll has completed successfully.
2023-07-07T15:12:59.412+05:30  INFO 12972 --- [http-nio-9091-exec-6] com.cms.aspect.LoggingAspect             : The method viewAll has completed successfully.
2023-07-07T15:16:19.138+05:30  INFO 12972 --- [AsyncResolver-bootstrap-executor-0] c.n.d.s.r.aws.ConfigClusterResolver      : Resolving eureka endpoints via configuration
2023-07-07T15:21:19.144+05:30  INFO 12972 --- [AsyncResolver-bootstrap-executor-0] c.n.d.s.r.aws.ConfigClusterResolver      : Resolving eureka endpoints via configuration
2023-07-07T15:26:19.165+05:30  INFO 12972 --- [AsyncResolver-bootstrap-executor-0] c.n.d.s.r.aws.ConfigClusterResolver      : Resolving eureka endpoints via configuration
2023-07-07T15:31:19.170+05:30  INFO 12972 --- [AsyncResolver-bootstrap-executor-0] c.n.d.s.r.aws.ConfigClusterResolver      : Resolving eureka endpoints via configuration
2023-07-07T15:36:19.191+05:30  INFO 12972 --- [AsyncResolver-bootstrap-executor-0] c.n.d.s.r.aws.ConfigClusterResolver      : Resolving eureka endpoints via configuration
2023-07-07T15:41:19.203+05:30  INFO 12972 --- [AsyncResolver-bootstrap-executor-0] c.n.d.s.r.aws.ConfigClusterResolver      : Resolving eureka endpoints via configuration
2023-07-07T15:44:06.647+05:30  INFO 12972 --- [http-nio-9091-exec-8] com.cms.aspect.LoggingAspect             : The method viewAll has completed successfully.
2023-07-07T15:44:20.987+05:30  INFO 12972 --- [http-nio-9091-exec-9] com.cms.aspect.LoggingAspect             : The method viewAll has completed successfully.
2023-07-07T15:46:19.216+05:30  INFO 12972 --- [AsyncResolver-bootstrap-executor-0] c.n.d.s.r.aws.ConfigClusterResolver      : Resolving eureka endpoints via configuration
2023-07-07T15:51:19.234+05:30  INFO 12972 --- [AsyncResolver-bootstrap-executor-0] c.n.d.s.r.aws.ConfigClusterResolver      : Resolving eureka endpoints via configuration
2023-07-07T15:55:14.214+05:30  INFO 12972 --- [http-nio-9091-exec-5] com.cms.aspect.LoggingAspect             : The method viewAll has completed successfully.
2023-07-07T15:55:54.406+05:30  INFO 12972 --- [http-nio-9091-exec-1] com.cms.aspect.LoggingAspect             : The method addCourse has completed successfully.
2023-07-07T15:56:19.245+05:30  INFO 12972 --- [AsyncResolver-bootstrap-executor-0] c.n.d.s.r.aws.ConfigClusterResolver      : Resolving eureka endpoints via configuration
2023-07-07T15:58:18.076+05:30  INFO 12972 --- [http-nio-9091-exec-3] com.cms.aspect.LoggingAspect             : The method viewAll has completed successfully.
2023-07-07T15:58:47.936+05:30  INFO 12972 --- [http-nio-9091-exec-4] com.cms.aspect.LoggingAspect             : The method addCourse has completed successfully.
2023-07-07T16:00:34.381+05:30  INFO 12972 --- [http-nio-9091-exec-7] com.cms.aspect.LoggingAspect             : The method viewAll has completed successfully.
2023-07-07T16:01:08.467+05:30  INFO 12972 --- [http-nio-9091-exec-8] com.cms.aspect.LoggingAspect             : The method updateCourse has completed successfully.
2023-07-07T16:01:19.261+05:30  INFO 12972 --- [AsyncResolver-bootstrap-executor-0] c.n.d.s.r.aws.ConfigClusterResolver      : Resolving eureka endpoints via configuration
2023-07-07T16:06:19.271+05:30  INFO 12972 --- [AsyncResolver-bootstrap-executor-0] c.n.d.s.r.aws.ConfigClusterResolver      : Resolving eureka endpoints via configuration
2023-07-07T16:06:20.280+05:30  INFO 12972 --- [http-nio-9091-exec-10] com.cms.aspect.LoggingAspect             : The method viewAll has completed successfully.
2023-07-07T16:07:07.321+05:30  INFO 12972 --- [http-nio-9091-exec-5] com.cms.aspect.LoggingAspect             : The method viewAll has completed successfully.
2023-07-07T16:11:19.276+05:30  INFO 12972 --- [AsyncResolver-bootstrap-executor-0] c.n.d.s.r.aws.ConfigClusterResolver      : Resolving eureka endpoints via configuration
2023-07-07T16:12:12.660+05:30  INFO 12972 --- [http-nio-9091-exec-2] com.cms.aspect.LoggingAspect             : The method viewAll has completed successfully.
2023-07-07T16:12:49.019+05:30  INFO 12972 --- [http-nio-9091-exec-3] com.cms.aspect.LoggingAspect             : The method addCourse has completed successfully.
2023-07-07T16:13:20.259+05:30  INFO 12972 --- [http-nio-9091-exec-4] com.cms.aspect.LoggingAspect             : The method viewAll has completed successfully.
2023-07-07T16:16:02.769+05:30  INFO 12972 --- [http-nio-9091-exec-7] com.cms.aspect.LoggingAspect             : The method viewAll has completed successfully.
2023-07-07T16:16:19.281+05:30  INFO 12972 --- [AsyncResolver-bootstrap-executor-0] c.n.d.s.r.aws.ConfigClusterResolver      : Resolving eureka endpoints via configuration
2023-07-07T16:21:19.303+05:30  INFO 12972 --- [AsyncResolver-bootstrap-executor-0] c.n.d.s.r.aws.ConfigClusterResolver      : Resolving eureka endpoints via configuration
2023-07-07T16:26:19.359+05:30  INFO 12972 --- [AsyncResolver-bootstrap-executor-0] c.n.d.s.r.aws.ConfigClusterResolver      : Resolving eureka endpoints via configuration
